0 info it worked if it ends with ok
1 verbose cli [ 'C:\\Program Files\\nodejs\\node.exe',
1 verbose cli   'C:\\Program Files\\nodejs\\node_modules\\npm\\bin\\npm-cli.js',
1 verbose cli   'run',
1 verbose cli   'dev' ]
2 info using npm@3.10.10
3 info using node@v6.11.2
4 verbose run-script [ 'predev', 'dev', 'postdev' ]
5 info lifecycle server@1.0.0~predev: server@1.0.0
6 silly lifecycle server@1.0.0~predev: no script for predev, continuing
7 info lifecycle server@1.0.0~dev: server@1.0.0
8 verbose lifecycle server@1.0.0~dev: unsafe-perm in lifecycle true
9 verbose lifecycle server@1.0.0~dev: PATH: C:\Program Files\nodejs\node_modules\npm\bin\node-gyp-bin;C:\Users\sever_000\Desktop\pokER\rockpaper scissorsr\gamedev-master\bevi\server\node_modules\.bin;C:\Program Files (x86)\Razer Chroma SDK\bin;C:\Program Files\Razer Chroma SDK\bin;C:\Program Files (x86)\Razer\ChromaBroadcast\bin;C:\Program Files\Razer\ChromaBroadcast\bin;C:\Program Files (x86)\Common Files\Oracle\Java\javapath;C:\Program Files (x86)\ActiveState Komodo Edit 10\;C:\ProgramData\Oracle\Java\javapath;C:\WINDOWS\system32;C:\WINDOWS;C:\WINDOWS\System32\Wbem;C:\WINDOWS\System32\WindowsPowerShell\v1.0\;C:\Program Files (x86)\Windows Live\Shared;C:\Program Files (x86)\NVIDIA Corporation\PhysX\Common;C:\Program Files (x86)\Bitvise SSH Client;C:\Program Files (x86)\PuTTY\;C:\Program Files\nodejs\;C:\Program Files\Java\jdk1.8.0_151\bin;C:\WINDOWS\System32\OpenSSH\;C:\MinGW\bin;C:\Program Files (x86)\Graphviz2.38\bin;C:\Users\sever_000\AppData\Local\Microsoft\WindowsApps;C:\Users\sever_000\AppData\Local\atom\bin;C:\Users\sever_000\AppData\Roaming\npm;C:\Users\sever_000\AppData\Local\Programs\Microsoft VS Code\bin;C:\Program Files\Git\cmd;C:\Program Files\Git\mingw64\bin;C:\Program Files\Git\usr\bin;C:\WINDOWS\system32;C:\WINDOWS;C:\WINDOWS\System32\Wbem;C:\WINDOWS\System32\WindowsPowerShell\v1.0\;C:\WINDOWS\System32\OpenSSH\;C:\Users\sever_000\AppData\Local\Programs\Python\Python38-32\Scripts\;C:\Users\sever_000\AppData\Local\Programs\Python\Python38-32\;C:\Users\sever_000\AppData\Local\Microsoft\WindowsApps;C:\Users\sever_000\AppData\Local\atom\bin;C:\Users\sever_000\AppData\Local\Microsoft\WindowsApps;C:\Users\sever_000\AppData\Roaming\npm;C:\Users\sever_000\AppData\Local\Programs\Microsoft VS Code\bin;C:\Program Files\JetBrains\PyCharm Community Edition 2020.1.3\bin;;C:\Users\sever_000\AppData\Local\GitHubDesktop\bin;
10 verbose lifecycle server@1.0.0~dev: CWD: C:\Users\sever_000\Desktop\pokER\rockpaper scissorsr\gamedev-master\bevi\server
11 silly lifecycle server@1.0.0~dev: Args: [ '/d /s /c', 'nodemon server.js' ]
12 silly lifecycle server@1.0.0~dev: Returned: code: 1  signal: null
13 info lifecycle server@1.0.0~dev: Failed to exec dev script
14 verbose stack Error: server@1.0.0 dev: `nodemon server.js`
14 verbose stack Exit status 1
14 verbose stack     at EventEmitter.<anonymous> (C:\Program Files\nodejs\node_modules\npm\lib\utils\lifecycle.js:255:16)
14 verbose stack     at emitTwo (events.js:106:13)
14 verbose stack     at EventEmitter.emit (events.js:191:7)
14 verbose stack     at ChildProcess.<anonymous> (C:\Program Files\nodejs\node_modules\npm\lib\utils\spawn.js:40:14)
14 verbose stack     at emitTwo (events.js:106:13)
14 verbose stack     at ChildProcess.emit (events.js:191:7)
14 verbose stack     at maybeClose (internal/child_process.js:891:16)
14 verbose stack     at Process.ChildProcess._handle.onexit (internal/child_process.js:226:5)
15 verbose pkgid server@1.0.0
16 verbose cwd C:\Users\sever_000\Desktop\pokER\rockpaper scissorsr\gamedev-master\bevi\server
17 error Windows_NT 10.0.19041
18 error argv "C:\\Program Files\\nodejs\\node.exe" "C:\\Program Files\\nodejs\\node_modules\\npm\\bin\\npm-cli.js" "run" "dev"
19 error node v6.11.2
20 error npm  v3.10.10
21 error code ELIFECYCLE
22 error server@1.0.0 dev: `nodemon server.js`
22 error Exit status 1
23 error Failed at the server@1.0.0 dev script 'nodemon server.js'.
23 error Make sure you have the latest version of node.js and npm installed.
23 error If you do, this is most likely a problem with the server package,
23 error not with npm itself.
23 error Tell the author that this fails on your system:
23 error     nodemon server.js
23 error You can get information on how to open an issue for this project with:
23 error     npm bugs server
23 error Or if that isn't available, you can get their info via:
23 error     npm owner ls server
23 error There is likely additional logging output above.
24 verbose exit [ 1, true ]
